The system is: Linux - 2.6.32-696.28.1.el6.x86_64 - x86_64
Compiling the C compiler identification source file "CMakeCCompilerId.c" succeeded.
Compiler: /home/belle/syutaro/software/gcc/gcc-6.3.0/bin/gcc 
Build flags: 
Id flags:  

The output was:
0


Compilation of the C compiler identification source "CMakeCCompilerId.c" produced "a.out"

The C compiler identification is GNU, found in "/home/had/hyasuda/detectorSimulation/build/CMakeFiles/3.8.2/CompilerIdC/a.out"

Compiling the CXX compiler identification source file "CMakeCXXCompilerId.cpp" succeeded.
Compiler: /home/belle/syutaro/software/gcc/gcc-6.3.0/bin/g++ 
Build flags: 
Id flags:  

The output was:
0


Compilation of the CXX compiler identification source "CMakeCXXCompilerId.cpp" produced "a.out"

The CXX compiler identification is GNU, found in "/home/had/hyasuda/detectorSimulation/build/CMakeFiles/3.8.2/CompilerIdCXX/a.out"

Determining if the C compiler works passed with the following output:
Change Dir: /home/had/hyasuda/detectorSimulation/build/CMakeFiles/CMakeTmp

Run Build Command:"/usr/bin/gmake" "cmTC_f0b2e/fast"
/usr/bin/gmake -f CMakeFiles/cmTC_f0b2e.dir/build.make CMakeFiles/cmTC_f0b2e.dir/build
gmake[1]: ディレクトリ `/gpfs/home/had/hyasuda/detectorSimulation/build/CMakeFiles/CMakeTmp' に入ります
Building C object CMakeFiles/cmTC_f0b2e.dir/testCCompiler.c.o
/home/belle/syutaro/software/gcc/gcc-6.3.0/bin/gcc    -o CMakeFiles/cmTC_f0b2e.dir/testCCompiler.c.o   -c /home/had/hyasuda/detectorSimulation/build/CMakeFiles/CMakeTmp/testCCompiler.c
Linking C executable cmTC_f0b2e
/gpfs/home/belle/syutaro/software/cmake/cmake-3.8.2/bin/cmake -E cmake_link_script CMakeFiles/cmTC_f0b2e.dir/link.txt --verbose=1
/home/belle/syutaro/software/gcc/gcc-6.3.0/bin/gcc      -rdynamic CMakeFiles/cmTC_f0b2e.dir/testCCompiler.c.o  -o cmTC_f0b2e 
gmake[1]: ディレクトリ `/gpfs/home/had/hyasuda/detectorSimulation/build/CMakeFiles/CMakeTmp' から出ます


Detecting C compiler ABI info compiled with the following output:
Change Dir: /home/had/hyasuda/detectorSimulation/build/CMakeFiles/CMakeTmp

Run Build Command:"/usr/bin/gmake" "cmTC_6750f/fast"
/usr/bin/gmake -f CMakeFiles/cmTC_6750f.dir/build.make CMakeFiles/cmTC_6750f.dir/build
gmake[1]: ディレクトリ `/gpfs/home/had/hyasuda/detectorSimulation/build/CMakeFiles/CMakeTmp' に入ります
Building C object CMakeFiles/cmTC_6750f.dir/CMakeCCompilerABI.c.o
/home/belle/syutaro/software/gcc/gcc-6.3.0/bin/gcc    -o CMakeFiles/cmTC_6750f.dir/CMakeCCompilerABI.c.o   -c /gpfs/home/belle/syutaro/software/cmake/cmake-3.8.2/share/cmake-3.8/Modules/CMakeCCompilerABI.c
Linking C executable cmTC_6750f
/gpfs/home/belle/syutaro/software/cmake/cmake-3.8.2/bin/cmake -E cmake_link_script CMakeFiles/cmTC_6750f.dir/link.txt --verbose=1
/home/belle/syutaro/software/gcc/gcc-6.3.0/bin/gcc     -v -rdynamic CMakeFiles/cmTC_6750f.dir/CMakeCCompilerABI.c.o  -o cmTC_6750f 
組み込み spec を使用しています。
COLLECT_GCC=/home/belle/syutaro/software/gcc/gcc-6.3.0/bin/gcc
COLLECT_LTO_WRAPPER=/gpfs/home/belle/syutaro/software/gcc/gcc-6.3.0/bin/../libexec/gcc/x86_64-pc-linux-gnu/6.3.0/lto-wrapper
ターゲット: x86_64-pc-linux-gnu
configure 設定: ../configure --prefix=/home/belle/syutaro/software/gcc/gcc-6.3.0 --disable-bootstrap --disable-multilib
スレッドモデル: posix
gcc バージョン 6.3.0 (GCC) 
COMPILER_PATH=/gpfs/home/belle/syutaro/software/gcc/gcc-6.3.0/bin/../libexec/gcc/x86_64-pc-linux-gnu/6.3.0/:/gpfs/home/belle/syutaro/software/gcc/gcc-6.3.0/bin/../libexec/gcc/
LIBRARY_PATH=/gpfs/home/belle/syutaro/software/gcc/gcc-6.3.0/bin/../lib/gcc/x86_64-pc-linux-gnu/6.3.0/:/gpfs/home/belle/syutaro/software/gcc/gcc-6.3.0/bin/../lib/gcc/:/gpfs/home/belle/syutaro/software/gcc/gcc-6.3.0/bin/../lib/gcc/x86_64-pc-linux-gnu/6.3.0/../../../../lib64/:/lib/../lib64/:/usr/lib/../lib64/:/gpfs/home/belle/syutaro/software/gcc/gcc-6.3.0/bin/../lib/gcc/x86_64-pc-linux-gnu/6.3.0/../../../:/lib/:/usr/lib/
COLLECT_GCC_OPTIONS='-v' '-rdynamic' '-o' 'cmTC_6750f' '-mtune=generic' '-march=x86-64'
 /gpfs/home/belle/syutaro/software/gcc/gcc-6.3.0/bin/../libexec/gcc/x86_64-pc-linux-gnu/6.3.0/collect2 --eh-frame-hdr -m elf_x86_64 -export-dynamic -dynamic-linker /lib64/ld-linux-x86-64.so.2 -o cmTC_6750f /usr/lib/../lib64/crt1.o /usr/lib/../lib64/crti.o /gpfs/home/belle/syutaro/software/gcc/gcc-6.3.0/bin/../lib/gcc/x86_64-pc-linux-gnu/6.3.0/crtbegin.o -L/gpfs/home/belle/syutaro/software/gcc/gcc-6.3.0/bin/../lib/gcc/x86_64-pc-linux-gnu/6.3.0 -L/gpfs/home/belle/syutaro/software/gcc/gcc-6.3.0/bin/../lib/gcc -L/gpfs/home/belle/syutaro/software/gcc/gcc-6.3.0/bin/../lib/gcc/x86_64-pc-linux-gnu/6.3.0/../../../../lib64 -L/lib/../lib64 -L/usr/lib/../lib64 -L/gpfs/home/belle/syutaro/software/gcc/gcc-6.3.0/bin/../lib/gcc/x86_64-pc-linux-gnu/6.3.0/../../.. CMakeFiles/cmTC_6750f.dir/CMakeCCompilerABI.c.o -lgcc --as-needed -lgcc_s --no-as-needed -lc -lgcc --as-needed -lgcc_s --no-as-needed /gpfs/home/belle/syutaro/software/gcc/gcc-6.3.0/bin/../lib/gcc/x86_64-pc-linux-gnu/6.3.0/crtend.o /usr/lib/../lib64/crtn.o
COLLECT_GCC_OPTIONS='-v' '-rdynamic' '-o' 'cmTC_6750f' '-mtune=generic' '-march=x86-64'
gmake[1]: ディレクトリ `/gpfs/home/had/hyasuda/detectorSimulation/build/CMakeFiles/CMakeTmp' から出ます


Parsed C implicit link information from above output:
  link line regex: [^( *|.*[/\])(ld|([^/\]+-)?ld|collect2)[^/\]*( |$)]
  ignore line: [Change Dir: /home/had/hyasuda/detectorSimulation/build/CMakeFiles/CMakeTmp]
  ignore line: []
  ignore line: [Run Build Command:"/usr/bin/gmake" "cmTC_6750f/fast"]
  ignore line: [/usr/bin/gmake -f CMakeFiles/cmTC_6750f.dir/build.make CMakeFiles/cmTC_6750f.dir/build]
  ignore line: [gmake[1]: ディレクトリ `/gpfs/home/had/hyasuda/detectorSimulation/build/CMakeFiles/CMakeTmp' に入ります]
  ignore line: [Building C object CMakeFiles/cmTC_6750f.dir/CMakeCCompilerABI.c.o]
  ignore line: [/home/belle/syutaro/software/gcc/gcc-6.3.0/bin/gcc    -o CMakeFiles/cmTC_6750f.dir/CMakeCCompilerABI.c.o   -c /gpfs/home/belle/syutaro/software/cmake/cmake-3.8.2/share/cmake-3.8/Modules/CMakeCCompilerABI.c]
  ignore line: [Linking C executable cmTC_6750f]
  ignore line: [/gpfs/home/belle/syutaro/software/cmake/cmake-3.8.2/bin/cmake -E cmake_link_script CMakeFiles/cmTC_6750f.dir/link.txt --verbose=1]
  ignore line: [/home/belle/syutaro/software/gcc/gcc-6.3.0/bin/gcc     -v -rdynamic CMakeFiles/cmTC_6750f.dir/CMakeCCompilerABI.c.o  -o cmTC_6750f ]
  ignore line: [組み込み spec を使用しています。]
  ignore line: [COLLECT_GCC=/home/belle/syutaro/software/gcc/gcc-6.3.0/bin/gcc]
  ignore line: [COLLECT_LTO_WRAPPER=/gpfs/home/belle/syutaro/software/gcc/gcc-6.3.0/bin/../libexec/gcc/x86_64-pc-linux-gnu/6.3.0/lto-wrapper]
  ignore line: [ターゲット: x86_64-pc-linux-gnu]
  ignore line: [configure 設定: ../configure --prefix=/home/belle/syutaro/software/gcc/gcc-6.3.0 --disable-bootstrap --disable-multilib]
  ignore line: [スレッドモデル: posix]
  ignore line: [gcc バージョン 6.3.0 (GCC) ]
  ignore line: [COMPILER_PATH=/gpfs/home/belle/syutaro/software/gcc/gcc-6.3.0/bin/../libexec/gcc/x86_64-pc-linux-gnu/6.3.0/:/gpfs/home/belle/syutaro/software/gcc/gcc-6.3.0/bin/../libexec/gcc/]
  ignore line: [LIBRARY_PATH=/gpfs/home/belle/syutaro/software/gcc/gcc-6.3.0/bin/../lib/gcc/x86_64-pc-linux-gnu/6.3.0/:/gpfs/home/belle/syutaro/software/gcc/gcc-6.3.0/bin/../lib/gcc/:/gpfs/home/belle/syutaro/software/gcc/gcc-6.3.0/bin/../lib/gcc/x86_64-pc-linux-gnu/6.3.0/../../../../lib64/:/lib/../lib64/:/usr/lib/../lib64/:/gpfs/home/belle/syutaro/software/gcc/gcc-6.3.0/bin/../lib/gcc/x86_64-pc-linux-gnu/6.3.0/../../../:/lib/:/usr/lib/]
  ignore line: [COLLECT_GCC_OPTIONS='-v' '-rdynamic' '-o' 'cmTC_6750f' '-mtune=generic' '-march=x86-64']
  link line: [ /gpfs/home/belle/syutaro/software/gcc/gcc-6.3.0/bin/../libexec/gcc/x86_64-pc-linux-gnu/6.3.0/collect2 --eh-frame-hdr -m elf_x86_64 -export-dynamic -dynamic-linker /lib64/ld-linux-x86-64.so.2 -o cmTC_6750f /usr/lib/../lib64/crt1.o /usr/lib/../lib64/crti.o /gpfs/home/belle/syutaro/software/gcc/gcc-6.3.0/bin/../lib/gcc/x86_64-pc-linux-gnu/6.3.0/crtbegin.o -L/gpfs/home/belle/syutaro/software/gcc/gcc-6.3.0/bin/../lib/gcc/x86_64-pc-linux-gnu/6.3.0 -L/gpfs/home/belle/syutaro/software/gcc/gcc-6.3.0/bin/../lib/gcc -L/gpfs/home/belle/syutaro/software/gcc/gcc-6.3.0/bin/../lib/gcc/x86_64-pc-linux-gnu/6.3.0/../../../../lib64 -L/lib/../lib64 -L/usr/lib/../lib64 -L/gpfs/home/belle/syutaro/software/gcc/gcc-6.3.0/bin/../lib/gcc/x86_64-pc-linux-gnu/6.3.0/../../.. CMakeFiles/cmTC_6750f.dir/CMakeCCompilerABI.c.o -lgcc --as-needed -lgcc_s --no-as-needed -lc -lgcc --as-needed -lgcc_s --no-as-needed /gpfs/home/belle/syutaro/software/gcc/gcc-6.3.0/bin/../lib/gcc/x86_64-pc-linux-gnu/6.3.0/crtend.o /usr/lib/../lib64/crtn.o]
    arg [/gpfs/home/belle/syutaro/software/gcc/gcc-6.3.0/bin/../libexec/gcc/x86_64-pc-linux-gnu/6.3.0/collect2] ==> ignore
    arg [--eh-frame-hdr] ==> ignore
    arg [-m] ==> ignore
    arg [elf_x86_64] ==> ignore
    arg [-export-dynamic] ==> ignore
    arg [-dynamic-linker] ==> ignore
    arg [/lib64/ld-linux-x86-64.so.2] ==> ignore
    arg [-o] ==> ignore
    arg [cmTC_6750f] ==> ignore
    arg [/usr/lib/../lib64/crt1.o] ==> ignore
    arg [/usr/lib/../lib64/crti.o] ==> ignore
    arg [/gpfs/home/belle/syutaro/software/gcc/gcc-6.3.0/bin/../lib/gcc/x86_64-pc-linux-gnu/6.3.0/crtbegin.o] ==> ignore
    arg [-L/gpfs/home/belle/syutaro/software/gcc/gcc-6.3.0/bin/../lib/gcc/x86_64-pc-linux-gnu/6.3.0] ==> dir [/gpfs/home/belle/syutaro/software/gcc/gcc-6.3.0/bin/../lib/gcc/x86_64-pc-linux-gnu/6.3.0]
    arg [-L/gpfs/home/belle/syutaro/software/gcc/gcc-6.3.0/bin/../lib/gcc] ==> dir [/gpfs/home/belle/syutaro/software/gcc/gcc-6.3.0/bin/../lib/gcc]
    arg [-L/gpfs/home/belle/syutaro/software/gcc/gcc-6.3.0/bin/../lib/gcc/x86_64-pc-linux-gnu/6.3.0/../../../../lib64] ==> dir [/gpfs/home/belle/syutaro/software/gcc/gcc-6.3.0/bin/../lib/gcc/x86_64-pc-linux-gnu/6.3.0/../../../../lib64]
    arg [-L/lib/../lib64] ==> dir [/lib/../lib64]
    arg [-L/usr/lib/../lib64] ==> dir [/usr/lib/../lib64]
    arg [-L/gpfs/home/belle/syutaro/software/gcc/gcc-6.3.0/bin/../lib/gcc/x86_64-pc-linux-gnu/6.3.0/../../..] ==> dir [/gpfs/home/belle/syutaro/software/gcc/gcc-6.3.0/bin/../lib/gcc/x86_64-pc-linux-gnu/6.3.0/../../..]
    arg [CMakeFiles/cmTC_6750f.dir/CMakeCCompilerABI.c.o] ==> ignore
    arg [-lgcc] ==> lib [gcc]
    arg [--as-needed] ==> ignore
    arg [-lgcc_s] ==> lib [gcc_s]
    arg [--no-as-needed] ==> ignore
    arg [-lc] ==> lib [c]
    arg [-lgcc] ==> lib [gcc]
    arg [--as-needed] ==> ignore
    arg [-lgcc_s] ==> lib [gcc_s]
    arg [--no-as-needed] ==> ignore
    arg [/gpfs/home/belle/syutaro/software/gcc/gcc-6.3.0/bin/../lib/gcc/x86_64-pc-linux-gnu/6.3.0/crtend.o] ==> ignore
    arg [/usr/lib/../lib64/crtn.o] ==> ignore
  remove lib [gcc]
  remove lib [gcc_s]
  remove lib [gcc]
  remove lib [gcc_s]
  collapse library dir [/gpfs/home/belle/syutaro/software/gcc/gcc-6.3.0/bin/../lib/gcc/x86_64-pc-linux-gnu/6.3.0] ==> [/gpfs/home/belle/syutaro/software/gcc/gcc-6.3.0/lib/gcc/x86_64-pc-linux-gnu/6.3.0]
  collapse library dir [/gpfs/home/belle/syutaro/software/gcc/gcc-6.3.0/bin/../lib/gcc] ==> [/gpfs/home/belle/syutaro/software/gcc/gcc-6.3.0/lib/gcc]
  collapse library dir [/gpfs/home/belle/syutaro/software/gcc/gcc-6.3.0/bin/../lib/gcc/x86_64-pc-linux-gnu/6.3.0/../../../../lib64] ==> [/gpfs/home/belle/syutaro/software/gcc/gcc-6.3.0/lib64]
  collapse library dir [/lib/../lib64] ==> [/lib64]
  collapse library dir [/usr/lib/../lib64] ==> [/usr/lib64]
  collapse library dir [/gpfs/home/belle/syutaro/software/gcc/gcc-6.3.0/bin/../lib/gcc/x86_64-pc-linux-gnu/6.3.0/../../..] ==> [/gpfs/home/belle/syutaro/software/gcc/gcc-6.3.0/lib]
  implicit libs: [c]
  implicit dirs: [/gpfs/home/belle/syutaro/software/gcc/gcc-6.3.0/lib/gcc/x86_64-pc-linux-gnu/6.3.0;/gpfs/home/belle/syutaro/software/gcc/gcc-6.3.0/lib/gcc;/gpfs/home/belle/syutaro/software/gcc/gcc-6.3.0/lib64;/lib64;/usr/lib64;/gpfs/home/belle/syutaro/software/gcc/gcc-6.3.0/lib]
  implicit fwks: []




Detecting C [-std=c11] compiler features compiled with the following output:
Change Dir: /home/had/hyasuda/detectorSimulation/build/CMakeFiles/CMakeTmp

Run Build Command:"/usr/bin/gmake" "cmTC_8fe1c/fast"
/usr/bin/gmake -f CMakeFiles/cmTC_8fe1c.dir/build.make CMakeFiles/cmTC_8fe1c.dir/build
gmake[1]: ディレクトリ `/gpfs/home/had/hyasuda/detectorSimulation/build/CMakeFiles/CMakeTmp' に入ります
Building C object CMakeFiles/cmTC_8fe1c.dir/feature_tests.c.o
/home/belle/syutaro/software/gcc/gcc-6.3.0/bin/gcc   -std=c11 -o CMakeFiles/cmTC_8fe1c.dir/feature_tests.c.o   -c /home/had/hyasuda/detectorSimulation/build/CMakeFiles/feature_tests.c
Linking C executable cmTC_8fe1c
/gpfs/home/belle/syutaro/software/cmake/cmake-3.8.2/bin/cmake -E cmake_link_script CMakeFiles/cmTC_8fe1c.dir/link.txt --verbose=1
/home/belle/syutaro/software/gcc/gcc-6.3.0/bin/gcc      -rdynamic CMakeFiles/cmTC_8fe1c.dir/feature_tests.c.o  -o cmTC_8fe1c 
gmake[1]: ディレクトリ `/gpfs/home/had/hyasuda/detectorSimulation/build/CMakeFiles/CMakeTmp' から出ます


    Feature record: C_FEATURE:1c_function_prototypes
    Feature record: C_FEATURE:1c_restrict
    Feature record: C_FEATURE:1c_static_assert
    Feature record: C_FEATURE:1c_variadic_macros


Detecting C [-std=c99] compiler features compiled with the following output:
Change Dir: /home/had/hyasuda/detectorSimulation/build/CMakeFiles/CMakeTmp

Run Build Command:"/usr/bin/gmake" "cmTC_923fd/fast"
/usr/bin/gmake -f CMakeFiles/cmTC_923fd.dir/build.make CMakeFiles/cmTC_923fd.dir/build
gmake[1]: ディレクトリ `/gpfs/home/had/hyasuda/detectorSimulation/build/CMakeFiles/CMakeTmp' に入ります
Building C object CMakeFiles/cmTC_923fd.dir/feature_tests.c.o
/home/belle/syutaro/software/gcc/gcc-6.3.0/bin/gcc   -std=c99 -o CMakeFiles/cmTC_923fd.dir/feature_tests.c.o   -c /home/had/hyasuda/detectorSimulation/build/CMakeFiles/feature_tests.c
Linking C executable cmTC_923fd
/gpfs/home/belle/syutaro/software/cmake/cmake-3.8.2/bin/cmake -E cmake_link_script CMakeFiles/cmTC_923fd.dir/link.txt --verbose=1
/home/belle/syutaro/software/gcc/gcc-6.3.0/bin/gcc      -rdynamic CMakeFiles/cmTC_923fd.dir/feature_tests.c.o  -o cmTC_923fd 
gmake[1]: ディレクトリ `/gpfs/home/had/hyasuda/detectorSimulation/build/CMakeFiles/CMakeTmp' から出ます


    Feature record: C_FEATURE:1c_function_prototypes
    Feature record: C_FEATURE:1c_restrict
    Feature record: C_FEATURE:0c_static_assert
    Feature record: C_FEATURE:1c_variadic_macros


Detecting C [-std=c90] compiler features compiled with the following output:
Change Dir: /home/had/hyasuda/detectorSimulation/build/CMakeFiles/CMakeTmp

Run Build Command:"/usr/bin/gmake" "cmTC_61ed3/fast"
/usr/bin/gmake -f CMakeFiles/cmTC_61ed3.dir/build.make CMakeFiles/cmTC_61ed3.dir/build
gmake[1]: ディレクトリ `/gpfs/home/had/hyasuda/detectorSimulation/build/CMakeFiles/CMakeTmp' に入ります
Building C object CMakeFiles/cmTC_61ed3.dir/feature_tests.c.o
/home/belle/syutaro/software/gcc/gcc-6.3.0/bin/gcc   -std=c90 -o CMakeFiles/cmTC_61ed3.dir/feature_tests.c.o   -c /home/had/hyasuda/detectorSimulation/build/CMakeFiles/feature_tests.c
Linking C executable cmTC_61ed3
/gpfs/home/belle/syutaro/software/cmake/cmake-3.8.2/bin/cmake -E cmake_link_script CMakeFiles/cmTC_61ed3.dir/link.txt --verbose=1
/home/belle/syutaro/software/gcc/gcc-6.3.0/bin/gcc      -rdynamic CMakeFiles/cmTC_61ed3.dir/feature_tests.c.o  -o cmTC_61ed3 
gmake[1]: ディレクトリ `/gpfs/home/had/hyasuda/detectorSimulation/build/CMakeFiles/CMakeTmp' から出ます


    Feature record: C_FEATURE:1c_function_prototypes
    Feature record: C_FEATURE:0c_restrict
    Feature record: C_FEATURE:0c_static_assert
    Feature record: C_FEATURE:0c_variadic_macros
Determining if the CXX compiler works passed with the following output:
Change Dir: /home/had/hyasuda/detectorSimulation/build/CMakeFiles/CMakeTmp

Run Build Command:"/usr/bin/gmake" "cmTC_c1963/fast"
/usr/bin/gmake -f CMakeFiles/cmTC_c1963.dir/build.make CMakeFiles/cmTC_c1963.dir/build
gmake[1]: ディレクトリ `/gpfs/home/had/hyasuda/detectorSimulation/build/CMakeFiles/CMakeTmp' に入ります
Building CXX object CMakeFiles/cmTC_c1963.dir/testCXXCompiler.cxx.o
/home/belle/syutaro/software/gcc/gcc-6.3.0/bin/g++     -o CMakeFiles/cmTC_c1963.dir/testCXXCompiler.cxx.o -c /home/had/hyasuda/detectorSimulation/build/CMakeFiles/CMakeTmp/testCXXCompiler.cxx
Linking CXX executable cmTC_c1963
/gpfs/home/belle/syutaro/software/cmake/cmake-3.8.2/bin/cmake -E cmake_link_script CMakeFiles/cmTC_c1963.dir/link.txt --verbose=1
/home/belle/syutaro/software/gcc/gcc-6.3.0/bin/g++       -rdynamic CMakeFiles/cmTC_c1963.dir/testCXXCompiler.cxx.o  -o cmTC_c1963 
gmake[1]: ディレクトリ `/gpfs/home/had/hyasuda/detectorSimulation/build/CMakeFiles/CMakeTmp' から出ます


Detecting CXX compiler ABI info compiled with the following output:
Change Dir: /home/had/hyasuda/detectorSimulation/build/CMakeFiles/CMakeTmp

Run Build Command:"/usr/bin/gmake" "cmTC_1cfb4/fast"
/usr/bin/gmake -f CMakeFiles/cmTC_1cfb4.dir/build.make CMakeFiles/cmTC_1cfb4.dir/build
gmake[1]: ディレクトリ `/gpfs/home/had/hyasuda/detectorSimulation/build/CMakeFiles/CMakeTmp' に入ります
Building CXX object CMakeFiles/cmTC_1cfb4.dir/CMakeCXXCompilerABI.cpp.o
/home/belle/syutaro/software/gcc/gcc-6.3.0/bin/g++     -o CMakeFiles/cmTC_1cfb4.dir/CMakeCXXCompilerABI.cpp.o -c /gpfs/home/belle/syutaro/software/cmake/cmake-3.8.2/share/cmake-3.8/Modules/CMakeCXXCompilerABI.cpp
Linking CXX executable cmTC_1cfb4
/gpfs/home/belle/syutaro/software/cmake/cmake-3.8.2/bin/cmake -E cmake_link_script CMakeFiles/cmTC_1cfb4.dir/link.txt --verbose=1
/home/belle/syutaro/software/gcc/gcc-6.3.0/bin/g++      -v -rdynamic CMakeFiles/cmTC_1cfb4.dir/CMakeCXXCompilerABI.cpp.o  -o cmTC_1cfb4 
組み込み spec を使用しています。
COLLECT_GCC=/home/belle/syutaro/software/gcc/gcc-6.3.0/bin/g++
COLLECT_LTO_WRAPPER=/gpfs/home/belle/syutaro/software/gcc/gcc-6.3.0/bin/../libexec/gcc/x86_64-pc-linux-gnu/6.3.0/lto-wrapper
ターゲット: x86_64-pc-linux-gnu
configure 設定: ../configure --prefix=/home/belle/syutaro/software/gcc/gcc-6.3.0 --disable-bootstrap --disable-multilib
スレッドモデル: posix
gcc バージョン 6.3.0 (GCC) 
COMPILER_PATH=/gpfs/home/belle/syutaro/software/gcc/gcc-6.3.0/bin/../libexec/gcc/x86_64-pc-linux-gnu/6.3.0/:/gpfs/home/belle/syutaro/software/gcc/gcc-6.3.0/bin/../libexec/gcc/
LIBRARY_PATH=/gpfs/home/belle/syutaro/software/gcc/gcc-6.3.0/bin/../lib/gcc/x86_64-pc-linux-gnu/6.3.0/:/gpfs/home/belle/syutaro/software/gcc/gcc-6.3.0/bin/../lib/gcc/:/gpfs/home/belle/syutaro/software/gcc/gcc-6.3.0/bin/../lib/gcc/x86_64-pc-linux-gnu/6.3.0/../../../../lib64/:/lib/../lib64/:/usr/lib/../lib64/:/gpfs/home/belle/syutaro/software/gcc/gcc-6.3.0/bin/../lib/gcc/x86_64-pc-linux-gnu/6.3.0/../../../:/lib/:/usr/lib/
COLLECT_GCC_OPTIONS='-v' '-rdynamic' '-o' 'cmTC_1cfb4' '-shared-libgcc' '-mtune=generic' '-march=x86-64'
 /gpfs/home/belle/syutaro/software/gcc/gcc-6.3.0/bin/../libexec/gcc/x86_64-pc-linux-gnu/6.3.0/collect2 --eh-frame-hdr -m elf_x86_64 -export-dynamic -dynamic-linker /lib64/ld-linux-x86-64.so.2 -o cmTC_1cfb4 /usr/lib/../lib64/crt1.o /usr/lib/../lib64/crti.o /gpfs/home/belle/syutaro/software/gcc/gcc-6.3.0/bin/../lib/gcc/x86_64-pc-linux-gnu/6.3.0/crtbegin.o -L/gpfs/home/belle/syutaro/software/gcc/gcc-6.3.0/bin/../lib/gcc/x86_64-pc-linux-gnu/6.3.0 -L/gpfs/home/belle/syutaro/software/gcc/gcc-6.3.0/bin/../lib/gcc -L/gpfs/home/belle/syutaro/software/gcc/gcc-6.3.0/bin/../lib/gcc/x86_64-pc-linux-gnu/6.3.0/../../../../lib64 -L/lib/../lib64 -L/usr/lib/../lib64 -L/gpfs/home/belle/syutaro/software/gcc/gcc-6.3.0/bin/../lib/gcc/x86_64-pc-linux-gnu/6.3.0/../../.. CMakeFiles/cmTC_1cfb4.dir/CMakeCXXCompilerABI.cpp.o -lstdc++ -lm -lgcc_s -lgcc -lc -lgcc_s -lgcc /gpfs/home/belle/syutaro/software/gcc/gcc-6.3.0/bin/../lib/gcc/x86_64-pc-linux-gnu/6.3.0/crtend.o /usr/lib/../lib64/crtn.o
COLLECT_GCC_OPTIONS='-v' '-rdynamic' '-o' 'cmTC_1cfb4' '-shared-libgcc' '-mtune=generic' '-march=x86-64'
gmake[1]: ディレクトリ `/gpfs/home/had/hyasuda/detectorSimulation/build/CMakeFiles/CMakeTmp' から出ます


Parsed CXX implicit link information from above output:
  link line regex: [^( *|.*[/\])(ld|([^/\]+-)?ld|collect2)[^/\]*( |$)]
  ignore line: [Change Dir: /home/had/hyasuda/detectorSimulation/build/CMakeFiles/CMakeTmp]
  ignore line: []
  ignore line: [Run Build Command:"/usr/bin/gmake" "cmTC_1cfb4/fast"]
  ignore line: [/usr/bin/gmake -f CMakeFiles/cmTC_1cfb4.dir/build.make CMakeFiles/cmTC_1cfb4.dir/build]
  ignore line: [gmake[1]: ディレクトリ `/gpfs/home/had/hyasuda/detectorSimulation/build/CMakeFiles/CMakeTmp' に入ります]
  ignore line: [Building CXX object CMakeFiles/cmTC_1cfb4.dir/CMakeCXXCompilerABI.cpp.o]
  ignore line: [/home/belle/syutaro/software/gcc/gcc-6.3.0/bin/g++     -o CMakeFiles/cmTC_1cfb4.dir/CMakeCXXCompilerABI.cpp.o -c /gpfs/home/belle/syutaro/software/cmake/cmake-3.8.2/share/cmake-3.8/Modules/CMakeCXXCompilerABI.cpp]
  ignore line: [Linking CXX executable cmTC_1cfb4]
  ignore line: [/gpfs/home/belle/syutaro/software/cmake/cmake-3.8.2/bin/cmake -E cmake_link_script CMakeFiles/cmTC_1cfb4.dir/link.txt --verbose=1]
  ignore line: [/home/belle/syutaro/software/gcc/gcc-6.3.0/bin/g++      -v -rdynamic CMakeFiles/cmTC_1cfb4.dir/CMakeCXXCompilerABI.cpp.o  -o cmTC_1cfb4 ]
  ignore line: [組み込み spec を使用しています。]
  ignore line: [COLLECT_GCC=/home/belle/syutaro/software/gcc/gcc-6.3.0/bin/g++]
  ignore line: [COLLECT_LTO_WRAPPER=/gpfs/home/belle/syutaro/software/gcc/gcc-6.3.0/bin/../libexec/gcc/x86_64-pc-linux-gnu/6.3.0/lto-wrapper]
  ignore line: [ターゲット: x86_64-pc-linux-gnu]
  ignore line: [configure 設定: ../configure --prefix=/home/belle/syutaro/software/gcc/gcc-6.3.0 --disable-bootstrap --disable-multilib]
  ignore line: [スレッドモデル: posix]
  ignore line: [gcc バージョン 6.3.0 (GCC) ]
  ignore line: [COMPILER_PATH=/gpfs/home/belle/syutaro/software/gcc/gcc-6.3.0/bin/../libexec/gcc/x86_64-pc-linux-gnu/6.3.0/:/gpfs/home/belle/syutaro/software/gcc/gcc-6.3.0/bin/../libexec/gcc/]
  ignore line: [LIBRARY_PATH=/gpfs/home/belle/syutaro/software/gcc/gcc-6.3.0/bin/../lib/gcc/x86_64-pc-linux-gnu/6.3.0/:/gpfs/home/belle/syutaro/software/gcc/gcc-6.3.0/bin/../lib/gcc/:/gpfs/home/belle/syutaro/software/gcc/gcc-6.3.0/bin/../lib/gcc/x86_64-pc-linux-gnu/6.3.0/../../../../lib64/:/lib/../lib64/:/usr/lib/../lib64/:/gpfs/home/belle/syutaro/software/gcc/gcc-6.3.0/bin/../lib/gcc/x86_64-pc-linux-gnu/6.3.0/../../../:/lib/:/usr/lib/]
  ignore line: [COLLECT_GCC_OPTIONS='-v' '-rdynamic' '-o' 'cmTC_1cfb4' '-shared-libgcc' '-mtune=generic' '-march=x86-64']
  link line: [ /gpfs/home/belle/syutaro/software/gcc/gcc-6.3.0/bin/../libexec/gcc/x86_64-pc-linux-gnu/6.3.0/collect2 --eh-frame-hdr -m elf_x86_64 -export-dynamic -dynamic-linker /lib64/ld-linux-x86-64.so.2 -o cmTC_1cfb4 /usr/lib/../lib64/crt1.o /usr/lib/../lib64/crti.o /gpfs/home/belle/syutaro/software/gcc/gcc-6.3.0/bin/../lib/gcc/x86_64-pc-linux-gnu/6.3.0/crtbegin.o -L/gpfs/home/belle/syutaro/software/gcc/gcc-6.3.0/bin/../lib/gcc/x86_64-pc-linux-gnu/6.3.0 -L/gpfs/home/belle/syutaro/software/gcc/gcc-6.3.0/bin/../lib/gcc -L/gpfs/home/belle/syutaro/software/gcc/gcc-6.3.0/bin/../lib/gcc/x86_64-pc-linux-gnu/6.3.0/../../../../lib64 -L/lib/../lib64 -L/usr/lib/../lib64 -L/gpfs/home/belle/syutaro/software/gcc/gcc-6.3.0/bin/../lib/gcc/x86_64-pc-linux-gnu/6.3.0/../../.. CMakeFiles/cmTC_1cfb4.dir/CMakeCXXCompilerABI.cpp.o -lstdc++ -lm -lgcc_s -lgcc -lc -lgcc_s -lgcc /gpfs/home/belle/syutaro/software/gcc/gcc-6.3.0/bin/../lib/gcc/x86_64-pc-linux-gnu/6.3.0/crtend.o /usr/lib/../lib64/crtn.o]
    arg [/gpfs/home/belle/syutaro/software/gcc/gcc-6.3.0/bin/../libexec/gcc/x86_64-pc-linux-gnu/6.3.0/collect2] ==> ignore
    arg [--eh-frame-hdr] ==> ignore
    arg [-m] ==> ignore
    arg [elf_x86_64] ==> ignore
    arg [-export-dynamic] ==> ignore
    arg [-dynamic-linker] ==> ignore
    arg [/lib64/ld-linux-x86-64.so.2] ==> ignore
    arg [-o] ==> ignore
    arg [cmTC_1cfb4] ==> ignore
    arg [/usr/lib/../lib64/crt1.o] ==> ignore
    arg [/usr/lib/../lib64/crti.o] ==> ignore
    arg [/gpfs/home/belle/syutaro/software/gcc/gcc-6.3.0/bin/../lib/gcc/x86_64-pc-linux-gnu/6.3.0/crtbegin.o] ==> ignore
    arg [-L/gpfs/home/belle/syutaro/software/gcc/gcc-6.3.0/bin/../lib/gcc/x86_64-pc-linux-gnu/6.3.0] ==> dir [/gpfs/home/belle/syutaro/software/gcc/gcc-6.3.0/bin/../lib/gcc/x86_64-pc-linux-gnu/6.3.0]
    arg [-L/gpfs/home/belle/syutaro/software/gcc/gcc-6.3.0/bin/../lib/gcc] ==> dir [/gpfs/home/belle/syutaro/software/gcc/gcc-6.3.0/bin/../lib/gcc]
    arg [-L/gpfs/home/belle/syutaro/software/gcc/gcc-6.3.0/bin/../lib/gcc/x86_64-pc-linux-gnu/6.3.0/../../../../lib64] ==> dir [/gpfs/home/belle/syutaro/software/gcc/gcc-6.3.0/bin/../lib/gcc/x86_64-pc-linux-gnu/6.3.0/../../../../lib64]
    arg [-L/lib/../lib64] ==> dir [/lib/../lib64]
    arg [-L/usr/lib/../lib64] ==> dir [/usr/lib/../lib64]
    arg [-L/gpfs/home/belle/syutaro/software/gcc/gcc-6.3.0/bin/../lib/gcc/x86_64-pc-linux-gnu/6.3.0/../../..] ==> dir [/gpfs/home/belle/syutaro/software/gcc/gcc-6.3.0/bin/../lib/gcc/x86_64-pc-linux-gnu/6.3.0/../../..]
    arg [CMakeFiles/cmTC_1cfb4.dir/CMakeCXXCompilerABI.cpp.o] ==> ignore
    arg [-lstdc++] ==> lib [stdc++]
    arg [-lm] ==> lib [m]
    arg [-lgcc_s] ==> lib [gcc_s]
    arg [-lgcc] ==> lib [gcc]
    arg [-lc] ==> lib [c]
    arg [-lgcc_s] ==> lib [gcc_s]
    arg [-lgcc] ==> lib [gcc]
    arg [/gpfs/home/belle/syutaro/software/gcc/gcc-6.3.0/bin/../lib/gcc/x86_64-pc-linux-gnu/6.3.0/crtend.o] ==> ignore
    arg [/usr/lib/../lib64/crtn.o] ==> ignore
  remove lib [gcc_s]
  remove lib [gcc]
  remove lib [gcc_s]
  remove lib [gcc]
  collapse library dir [/gpfs/home/belle/syutaro/software/gcc/gcc-6.3.0/bin/../lib/gcc/x86_64-pc-linux-gnu/6.3.0] ==> [/gpfs/home/belle/syutaro/software/gcc/gcc-6.3.0/lib/gcc/x86_64-pc-linux-gnu/6.3.0]
  collapse library dir [/gpfs/home/belle/syutaro/software/gcc/gcc-6.3.0/bin/../lib/gcc] ==> [/gpfs/home/belle/syutaro/software/gcc/gcc-6.3.0/lib/gcc]
  collapse library dir [/gpfs/home/belle/syutaro/software/gcc/gcc-6.3.0/bin/../lib/gcc/x86_64-pc-linux-gnu/6.3.0/../../../../lib64] ==> [/gpfs/home/belle/syutaro/software/gcc/gcc-6.3.0/lib64]
  collapse library dir [/lib/../lib64] ==> [/lib64]
  collapse library dir [/usr/lib/../lib64] ==> [/usr/lib64]
  collapse library dir [/gpfs/home/belle/syutaro/software/gcc/gcc-6.3.0/bin/../lib/gcc/x86_64-pc-linux-gnu/6.3.0/../../..] ==> [/gpfs/home/belle/syutaro/software/gcc/gcc-6.3.0/lib]
  implicit libs: [stdc++;m;c]
  implicit dirs: [/gpfs/home/belle/syutaro/software/gcc/gcc-6.3.0/lib/gcc/x86_64-pc-linux-gnu/6.3.0;/gpfs/home/belle/syutaro/software/gcc/gcc-6.3.0/lib/gcc;/gpfs/home/belle/syutaro/software/gcc/gcc-6.3.0/lib64;/lib64;/usr/lib64;/gpfs/home/belle/syutaro/software/gcc/gcc-6.3.0/lib]
  implicit fwks: []




Detecting CXX [-std=c++1z] compiler features compiled with the following output:
Change Dir: /home/had/hyasuda/detectorSimulation/build/CMakeFiles/CMakeTmp

Run Build Command:"/usr/bin/gmake" "cmTC_45d11/fast"
/usr/bin/gmake -f CMakeFiles/cmTC_45d11.dir/build.make CMakeFiles/cmTC_45d11.dir/build
gmake[1]: ディレクトリ `/gpfs/home/had/hyasuda/detectorSimulation/build/CMakeFiles/CMakeTmp' に入ります
Building CXX object CMakeFiles/cmTC_45d11.dir/feature_tests.cxx.o
/home/belle/syutaro/software/gcc/gcc-6.3.0/bin/g++    -std=c++1z -o CMakeFiles/cmTC_45d11.dir/feature_tests.cxx.o -c /home/had/hyasuda/detectorSimulation/build/CMakeFiles/feature_tests.cxx
Linking CXX executable cmTC_45d11
/gpfs/home/belle/syutaro/software/cmake/cmake-3.8.2/bin/cmake -E cmake_link_script CMakeFiles/cmTC_45d11.dir/link.txt --verbose=1
/home/belle/syutaro/software/gcc/gcc-6.3.0/bin/g++       -rdynamic CMakeFiles/cmTC_45d11.dir/feature_tests.cxx.o  -o cmTC_45d11 
gmake[1]: ディレクトリ `/gpfs/home/had/hyasuda/detectorSimulation/build/CMakeFiles/CMakeTmp' から出ます


    Feature record: CXX_FEATURE:1cxx_aggregate_default_initializers
    Feature record: CXX_FEATURE:1cxx_alias_templates
    Feature record: CXX_FEATURE:1cxx_alignas
    Feature record: CXX_FEATURE:1cxx_alignof
    Feature record: CXX_FEATURE:1cxx_attributes
    Feature record: CXX_FEATURE:1cxx_attribute_deprecated
    Feature record: CXX_FEATURE:1cxx_auto_type
    Feature record: CXX_FEATURE:1cxx_binary_literals
    Feature record: CXX_FEATURE:1cxx_constexpr
    Feature record: CXX_FEATURE:1cxx_contextual_conversions
    Feature record: CXX_FEATURE:1cxx_decltype
    Feature record: CXX_FEATURE:1cxx_decltype_auto
    Feature record: CXX_FEATURE:1cxx_decltype_incomplete_return_types
    Feature record: CXX_FEATURE:1cxx_default_function_template_args
    Feature record: CXX_FEATURE:1cxx_defaulted_functions
    Feature record: CXX_FEATURE:1cxx_defaulted_move_initializers
    Feature record: CXX_FEATURE:1cxx_delegating_constructors
    Feature record: CXX_FEATURE:1cxx_deleted_functions
    Feature record: CXX_FEATURE:1cxx_digit_separators
    Feature record: CXX_FEATURE:1cxx_enum_forward_declarations
    Feature record: CXX_FEATURE:1cxx_explicit_conversions
    Feature record: CXX_FEATURE:1cxx_extended_friend_declarations
    Feature record: CXX_FEATURE:1cxx_extern_templates
    Feature record: CXX_FEATURE:1cxx_final
    Feature record: CXX_FEATURE:1cxx_func_identifier
    Feature record: CXX_FEATURE:1cxx_generalized_initializers
    Feature record: CXX_FEATURE:1cxx_generic_lambdas
    Feature record: CXX_FEATURE:1cxx_inheriting_constructors
    Feature record: CXX_FEATURE:1cxx_inline_namespaces
    Feature record: CXX_FEATURE:1cxx_lambdas
    Feature record: CXX_FEATURE:1cxx_lambda_init_captures
    Feature record: CXX_FEATURE:1cxx_local_type_template_args
    Feature record: CXX_FEATURE:1cxx_long_long_type
    Feature record: CXX_FEATURE:1cxx_noexcept
    Feature record: CXX_FEATURE:1cxx_nonstatic_member_init
    Feature record: CXX_FEATURE:1cxx_nullptr
    Feature record: CXX_FEATURE:1cxx_override
    Feature record: CXX_FEATURE:1cxx_range_for
    Feature record: CXX_FEATURE:1cxx_raw_string_literals
    Feature record: CXX_FEATURE:1cxx_reference_qualified_functions
    Feature record: CXX_FEATURE:1cxx_relaxed_constexpr
    Feature record: CXX_FEATURE:1cxx_return_type_deduction
    Feature record: CXX_FEATURE:1cxx_right_angle_brackets
    Feature record: CXX_FEATURE:1cxx_rvalue_references
    Feature record: CXX_FEATURE:1cxx_sizeof_member
    Feature record: CXX_FEATURE:1cxx_static_assert
    Feature record: CXX_FEATURE:1cxx_strong_enums
    Feature record: CXX_FEATURE:1cxx_template_template_parameters
    Feature record: CXX_FEATURE:1cxx_thread_local
    Feature record: CXX_FEATURE:1cxx_trailing_return_types
    Feature record: CXX_FEATURE:1cxx_unicode_literals
    Feature record: CXX_FEATURE:1cxx_uniform_initialization
    Feature record: CXX_FEATURE:1cxx_unrestricted_unions
    Feature record: CXX_FEATURE:1cxx_user_literals
    Feature record: CXX_FEATURE:1cxx_variable_templates
    Feature record: CXX_FEATURE:1cxx_variadic_macros
    Feature record: CXX_FEATURE:1cxx_variadic_templates


Detecting CXX [-std=c++14] compiler features compiled with the following output:
Change Dir: /home/had/hyasuda/detectorSimulation/build/CMakeFiles/CMakeTmp

Run Build Command:"/usr/bin/gmake" "cmTC_35460/fast"
/usr/bin/gmake -f CMakeFiles/cmTC_35460.dir/build.make CMakeFiles/cmTC_35460.dir/build
gmake[1]: ディレクトリ `/gpfs/home/had/hyasuda/detectorSimulation/build/CMakeFiles/CMakeTmp' に入ります
Building CXX object CMakeFiles/cmTC_35460.dir/feature_tests.cxx.o
/home/belle/syutaro/software/gcc/gcc-6.3.0/bin/g++    -std=c++14 -o CMakeFiles/cmTC_35460.dir/feature_tests.cxx.o -c /home/had/hyasuda/detectorSimulation/build/CMakeFiles/feature_tests.cxx
Linking CXX executable cmTC_35460
/gpfs/home/belle/syutaro/software/cmake/cmake-3.8.2/bin/cmake -E cmake_link_script CMakeFiles/cmTC_35460.dir/link.txt --verbose=1
/home/belle/syutaro/software/gcc/gcc-6.3.0/bin/g++       -rdynamic CMakeFiles/cmTC_35460.dir/feature_tests.cxx.o  -o cmTC_35460 
gmake[1]: ディレクトリ `/gpfs/home/had/hyasuda/detectorSimulation/build/CMakeFiles/CMakeTmp' から出ます


    Feature record: CXX_FEATURE:1cxx_aggregate_default_initializers
    Feature record: CXX_FEATURE:1cxx_alias_templates
    Feature record: CXX_FEATURE:1cxx_alignas
    Feature record: CXX_FEATURE:1cxx_alignof
    Feature record: CXX_FEATURE:1cxx_attributes
    Feature record: CXX_FEATURE:1cxx_attribute_deprecated
    Feature record: CXX_FEATURE:1cxx_auto_type
    Feature record: CXX_FEATURE:1cxx_binary_literals
    Feature record: CXX_FEATURE:1cxx_constexpr
    Feature record: CXX_FEATURE:1cxx_contextual_conversions
    Feature record: CXX_FEATURE:1cxx_decltype
    Feature record: CXX_FEATURE:1cxx_decltype_auto
    Feature record: CXX_FEATURE:1cxx_decltype_incomplete_return_types
    Feature record: CXX_FEATURE:1cxx_default_function_template_args
    Feature record: CXX_FEATURE:1cxx_defaulted_functions
    Feature record: CXX_FEATURE:1cxx_defaulted_move_initializers
    Feature record: CXX_FEATURE:1cxx_delegating_constructors
    Feature record: CXX_FEATURE:1cxx_deleted_functions
    Feature record: CXX_FEATURE:1cxx_digit_separators
    Feature record: CXX_FEATURE:1cxx_enum_forward_declarations
    Feature record: CXX_FEATURE:1cxx_explicit_conversions
    Feature record: CXX_FEATURE:1cxx_extended_friend_declarations
    Feature record: CXX_FEATURE:1cxx_extern_templates
    Feature record: CXX_FEATURE:1cxx_final
    Feature record: CXX_FEATURE:1cxx_func_identifier
    Feature record: CXX_FEATURE:1cxx_generalized_initializers
    Feature record: CXX_FEATURE:1cxx_generic_lambdas
    Feature record: CXX_FEATURE:1cxx_inheriting_constructors
    Feature record: CXX_FEATURE:1cxx_inline_namespaces
    Feature record: CXX_FEATURE:1cxx_lambdas
    Feature record: CXX_FEATURE:1cxx_lambda_init_captures
    Feature record: CXX_FEATURE:1cxx_local_type_template_args
    Feature record: CXX_FEATURE:1cxx_long_long_type
    Feature record: CXX_FEATURE:1cxx_noexcept
    Feature record: CXX_FEATURE:1cxx_nonstatic_member_init
    Feature record: CXX_FEATURE:1cxx_nullptr
    Feature record: CXX_FEATURE:1cxx_override
    Feature record: CXX_FEATURE:1cxx_range_for
    Feature record: CXX_FEATURE:1cxx_raw_string_literals
    Feature record: CXX_FEATURE:1cxx_reference_qualified_functions
    Feature record: CXX_FEATURE:1cxx_relaxed_constexpr
    Feature record: CXX_FEATURE:1cxx_return_type_deduction
    Feature record: CXX_FEATURE:1cxx_right_angle_brackets
    Feature record: CXX_FEATURE:1cxx_rvalue_references
    Feature record: CXX_FEATURE:1cxx_sizeof_member
    Feature record: CXX_FEATURE:1cxx_static_assert
    Feature record: CXX_FEATURE:1cxx_strong_enums
    Feature record: CXX_FEATURE:1cxx_template_template_parameters
    Feature record: CXX_FEATURE:1cxx_thread_local
    Feature record: CXX_FEATURE:1cxx_trailing_return_types
    Feature record: CXX_FEATURE:1cxx_unicode_literals
    Feature record: CXX_FEATURE:1cxx_uniform_initialization
    Feature record: CXX_FEATURE:1cxx_unrestricted_unions
    Feature record: CXX_FEATURE:1cxx_user_literals
    Feature record: CXX_FEATURE:1cxx_variable_templates
    Feature record: CXX_FEATURE:1cxx_variadic_macros
    Feature record: CXX_FEATURE:1cxx_variadic_templates


Detecting CXX [-std=c++11] compiler features compiled with the following output:
Change Dir: /home/had/hyasuda/detectorSimulation/build/CMakeFiles/CMakeTmp

Run Build Command:"/usr/bin/gmake" "cmTC_f76e1/fast"
/usr/bin/gmake -f CMakeFiles/cmTC_f76e1.dir/build.make CMakeFiles/cmTC_f76e1.dir/build
gmake[1]: ディレクトリ `/gpfs/home/had/hyasuda/detectorSimulation/build/CMakeFiles/CMakeTmp' に入ります
Building CXX object CMakeFiles/cmTC_f76e1.dir/feature_tests.cxx.o
/home/belle/syutaro/software/gcc/gcc-6.3.0/bin/g++    -std=c++11 -o CMakeFiles/cmTC_f76e1.dir/feature_tests.cxx.o -c /home/had/hyasuda/detectorSimulation/build/CMakeFiles/feature_tests.cxx
Linking CXX executable cmTC_f76e1
/gpfs/home/belle/syutaro/software/cmake/cmake-3.8.2/bin/cmake -E cmake_link_script CMakeFiles/cmTC_f76e1.dir/link.txt --verbose=1
/home/belle/syutaro/software/gcc/gcc-6.3.0/bin/g++       -rdynamic CMakeFiles/cmTC_f76e1.dir/feature_tests.cxx.o  -o cmTC_f76e1 
gmake[1]: ディレクトリ `/gpfs/home/had/hyasuda/detectorSimulation/build/CMakeFiles/CMakeTmp' から出ます


    Feature record: CXX_FEATURE:0cxx_aggregate_default_initializers
    Feature record: CXX_FEATURE:1cxx_alias_templates
    Feature record: CXX_FEATURE:1cxx_alignas
    Feature record: CXX_FEATURE:1cxx_alignof
    Feature record: CXX_FEATURE:1cxx_attributes
    Feature record: CXX_FEATURE:0cxx_attribute_deprecated
    Feature record: CXX_FEATURE:1cxx_auto_type
    Feature record: CXX_FEATURE:0cxx_binary_literals
    Feature record: CXX_FEATURE:1cxx_constexpr
    Feature record: CXX_FEATURE:0cxx_contextual_conversions
    Feature record: CXX_FEATURE:1cxx_decltype
    Feature record: CXX_FEATURE:0cxx_decltype_auto
    Feature record: CXX_FEATURE:1cxx_decltype_incomplete_return_types
    Feature record: CXX_FEATURE:1cxx_default_function_template_args
    Feature record: CXX_FEATURE:1cxx_defaulted_functions
    Feature record: CXX_FEATURE:1cxx_defaulted_move_initializers
    Feature record: CXX_FEATURE:1cxx_delegating_constructors
    Feature record: CXX_FEATURE:1cxx_deleted_functions
    Feature record: CXX_FEATURE:0cxx_digit_separators
    Feature record: CXX_FEATURE:1cxx_enum_forward_declarations
    Feature record: CXX_FEATURE:1cxx_explicit_conversions
    Feature record: CXX_FEATURE:1cxx_extended_friend_declarations
    Feature record: CXX_FEATURE:1cxx_extern_templates
    Feature record: CXX_FEATURE:1cxx_final
    Feature record: CXX_FEATURE:1cxx_func_identifier
    Feature record: CXX_FEATURE:1cxx_generalized_initializers
    Feature record: CXX_FEATURE:0cxx_generic_lambdas
    Feature record: CXX_FEATURE:1cxx_inheriting_constructors
    Feature record: CXX_FEATURE:1cxx_inline_namespaces
    Feature record: CXX_FEATURE:1cxx_lambdas
    Feature record: CXX_FEATURE:0cxx_lambda_init_captures
    Feature record: CXX_FEATURE:1cxx_local_type_template_args
    Feature record: CXX_FEATURE:1cxx_long_long_type
    Feature record: CXX_FEATURE:1cxx_noexcept
    Feature record: CXX_FEATURE:1cxx_nonstatic_member_init
    Feature record: CXX_FEATURE:1cxx_nullptr
    Feature record: CXX_FEATURE:1cxx_override
    Feature record: CXX_FEATURE:1cxx_range_for
    Feature record: CXX_FEATURE:1cxx_raw_string_literals
    Feature record: CXX_FEATURE:1cxx_reference_qualified_functions
    Feature record: CXX_FEATURE:0cxx_relaxed_constexpr
    Feature record: CXX_FEATURE:0cxx_return_type_deduction
    Feature record: CXX_FEATURE:1cxx_right_angle_brackets
    Feature record: CXX_FEATURE:1cxx_rvalue_references
    Feature record: CXX_FEATURE:1cxx_sizeof_member
    Feature record: CXX_FEATURE:1cxx_static_assert
    Feature record: CXX_FEATURE:1cxx_strong_enums
    Feature record: CXX_FEATURE:1cxx_template_template_parameters
    Feature record: CXX_FEATURE:1cxx_thread_local
    Feature record: CXX_FEATURE:1cxx_trailing_return_types
    Feature record: CXX_FEATURE:1cxx_unicode_literals
    Feature record: CXX_FEATURE:1cxx_uniform_initialization
    Feature record: CXX_FEATURE:1cxx_unrestricted_unions
    Feature record: CXX_FEATURE:1cxx_user_literals
    Feature record: CXX_FEATURE:0cxx_variable_templates
    Feature record: CXX_FEATURE:1cxx_variadic_macros
    Feature record: CXX_FEATURE:1cxx_variadic_templates


Detecting CXX [-std=c++98] compiler features compiled with the following output:
Change Dir: /home/had/hyasuda/detectorSimulation/build/CMakeFiles/CMakeTmp

Run Build Command:"/usr/bin/gmake" "cmTC_c9e24/fast"
/usr/bin/gmake -f CMakeFiles/cmTC_c9e24.dir/build.make CMakeFiles/cmTC_c9e24.dir/build
gmake[1]: ディレクトリ `/gpfs/home/had/hyasuda/detectorSimulation/build/CMakeFiles/CMakeTmp' に入ります
Building CXX object CMakeFiles/cmTC_c9e24.dir/feature_tests.cxx.o
/home/belle/syutaro/software/gcc/gcc-6.3.0/bin/g++    -std=c++98 -o CMakeFiles/cmTC_c9e24.dir/feature_tests.cxx.o -c /home/had/hyasuda/detectorSimulation/build/CMakeFiles/feature_tests.cxx
Linking CXX executable cmTC_c9e24
/gpfs/home/belle/syutaro/software/cmake/cmake-3.8.2/bin/cmake -E cmake_link_script CMakeFiles/cmTC_c9e24.dir/link.txt --verbose=1
/home/belle/syutaro/software/gcc/gcc-6.3.0/bin/g++       -rdynamic CMakeFiles/cmTC_c9e24.dir/feature_tests.cxx.o  -o cmTC_c9e24 
gmake[1]: ディレクトリ `/gpfs/home/had/hyasuda/detectorSimulation/build/CMakeFiles/CMakeTmp' から出ます


    Feature record: CXX_FEATURE:0cxx_aggregate_default_initializers
    Feature record: CXX_FEATURE:0cxx_alias_templates
    Feature record: CXX_FEATURE:0cxx_alignas
    Feature record: CXX_FEATURE:0cxx_alignof
    Feature record: CXX_FEATURE:0cxx_attributes
    Feature record: CXX_FEATURE:0cxx_attribute_deprecated
    Feature record: CXX_FEATURE:0cxx_auto_type
    Feature record: CXX_FEATURE:0cxx_binary_literals
    Feature record: CXX_FEATURE:0cxx_constexpr
    Feature record: CXX_FEATURE:0cxx_contextual_conversions
    Feature record: CXX_FEATURE:0cxx_decltype
    Feature record: CXX_FEATURE:0cxx_decltype_auto
    Feature record: CXX_FEATURE:0cxx_decltype_incomplete_return_types
    Feature record: CXX_FEATURE:0cxx_default_function_template_args
    Feature record: CXX_FEATURE:0cxx_defaulted_functions
    Feature record: CXX_FEATURE:0cxx_defaulted_move_initializers
    Feature record: CXX_FEATURE:0cxx_delegating_constructors
    Feature record: CXX_FEATURE:0cxx_deleted_functions
    Feature record: CXX_FEATURE:0cxx_digit_separators
    Feature record: CXX_FEATURE:0cxx_enum_forward_declarations
    Feature record: CXX_FEATURE:0cxx_explicit_conversions
    Feature record: CXX_FEATURE:0cxx_extended_friend_declarations
    Feature record: CXX_FEATURE:0cxx_extern_templates
    Feature record: CXX_FEATURE:0cxx_final
    Feature record: CXX_FEATURE:0cxx_func_identifier
    Feature record: CXX_FEATURE:0cxx_generalized_initializers
    Feature record: CXX_FEATURE:0cxx_generic_lambdas
    Feature record: CXX_FEATURE:0cxx_inheriting_constructors
    Feature record: CXX_FEATURE:0cxx_inline_namespaces
    Feature record: CXX_FEATURE:0cxx_lambdas
    Feature record: CXX_FEATURE:0cxx_lambda_init_captures
    Feature record: CXX_FEATURE:0cxx_local_type_template_args
    Feature record: CXX_FEATURE:0cxx_long_long_type
    Feature record: CXX_FEATURE:0cxx_noexcept
    Feature record: CXX_FEATURE:0cxx_nonstatic_member_init
    Feature record: CXX_FEATURE:0cxx_nullptr
    Feature record: CXX_FEATURE:0cxx_override
    Feature record: CXX_FEATURE:0cxx_range_for
    Feature record: CXX_FEATURE:0cxx_raw_string_literals
    Feature record: CXX_FEATURE:0cxx_reference_qualified_functions
    Feature record: CXX_FEATURE:0cxx_relaxed_constexpr
    Feature record: CXX_FEATURE:0cxx_return_type_deduction
    Feature record: CXX_FEATURE:0cxx_right_angle_brackets
    Feature record: CXX_FEATURE:0cxx_rvalue_references
    Feature record: CXX_FEATURE:0cxx_sizeof_member
    Feature record: CXX_FEATURE:0cxx_static_assert
    Feature record: CXX_FEATURE:0cxx_strong_enums
    Feature record: CXX_FEATURE:1cxx_template_template_parameters
    Feature record: CXX_FEATURE:0cxx_thread_local
    Feature record: CXX_FEATURE:0cxx_trailing_return_types
    Feature record: CXX_FEATURE:0cxx_unicode_literals
    Feature record: CXX_FEATURE:0cxx_uniform_initialization
    Feature record: CXX_FEATURE:0cxx_unrestricted_unions
    Feature record: CXX_FEATURE:0cxx_user_literals
    Feature record: CXX_FEATURE:0cxx_variable_templates
    Feature record: CXX_FEATURE:0cxx_variadic_macros
    Feature record: CXX_FEATURE:0cxx_variadic_templates
